<?xml version="1.0" encoding="UTF-8"?>
<testsuite xmlns:xsi="http://www.w3.org/2001/XMLSchema-instance" xsi:noNamespaceSchemaLocation="https://maven.apache.org/surefire/maven-surefire-plugin/xsd/surefire-test-report-3.0.xsd" version="3.0" name="jpabook.jpashop.service.OrderServiceTest" time="0.03" tests="3" errors="0" skipped="0" failures="0">
  <properties>
[...]
</properties>
  <testcase name="상품주문_재고수량초과" classname="jpabook.jpashop.service.OrderServiceTest" time="0.005">
    <system-out><![CDATA[09:44:30 [main] INFO  o.s.t.c.s.DefaultTestContextBootstrapper - Loaded default TestExecutionListener class names from location [META-INF/spring.factories]: [org.springframework.test.context.web.ServletTestExecutionListener, org.springframework.test.context.support.DirtiesContextBeforeModesTestExecutionListener, org.springframework.test.context.event.ApplicationEventsTestExecutionListener, org.springframework.test.context.support.DependencyInjectionTestExecutionListener, org.springframework.test.context.support.DirtiesContextTestExecutionListener, org.springframework.test.context.transaction.TransactionalTestExecutionListener, org.springframework.test.context.jdbc.SqlScriptsTestExecutionListener, org.springframework.test.context.event.EventPublishingTestExecutionListener]
09:44:30 [main] INFO  o.s.t.c.s.DefaultTestContextBootstrapper - Using TestExecutionListeners: [org.springframework.test.context.web.ServletTestExecutionListener@77eb607e, org.springframework.test.context.support.DirtiesContextBeforeModesTestExecutionListener@1f1fbc9f, org.springframework.test.context.event.ApplicationEventsTestExecutionListener@10d4b573, org.springframework.test.context.support.DependencyInjectionTestExecutionListener@50785f86, org.springframework.test.context.support.DirtiesContextTestExecutionListener@7c3c3d67, org.springframework.test.context.transaction.TransactionalTestExecutionListener@1e258d3b, org.springframework.test.context.jdbc.SqlScriptsTestExecutionListener@2b6fcca1, org.springframework.test.context.event.EventPublishingTestExecutionListener@39f93225]
09:44:30 [main] INFO  o.s.t.c.t.TransactionContext - Began transaction (1) for test context [DefaultTestContext@4392362c testClass = OrderServiceTest, testInstance = jpabook.jpashop.service.OrderServiceTest@338a4c61, testMethod = 상품주문_재고수량초과@OrderServiceTest, testException = [null], mergedContextConfiguration = [MergedContextConfiguration@839755f testClass = OrderServiceTest, locations = '{classpath:appConfig.xml}', classes = '{}', contextInitializerClasses = '[]', activeProfiles = '{}', propertySourceLocations = '{}', propertySourceProperties = '{}', contextCustomizers = set[[empty]], contextLoader = 'org.springframework.test.context.support.DelegatingSmartContextLoader', parent = [null]], attributes = map['org.springframework.test.context.event.ApplicationEventsTestExecutionListener.recordApplicationEvents' -> false]]; transaction manager [org.springframework.orm.jpa.JpaTransactionManager@30d15e4a]; rollback [true]
Hibernate: 
    call next value for hibernate_sequence
Hibernate: 
    call next value for hibernate_sequence
09:44:30 [main] INFO  o.s.t.c.t.TransactionContext - Rolled back transaction for test: [DefaultTestContext@4392362c testClass = OrderServiceTest, testInstance = jpabook.jpashop.service.OrderServiceTest@338a4c61, testMethod = 상품주문_재고수량초과@OrderServiceTest, testException = [null], mergedContextConfiguration = [MergedContextConfiguration@839755f testClass = OrderServiceTest, locations = '{classpath:appConfig.xml}', classes = '{}', contextInitializerClasses = '[]', activeProfiles = '{}', propertySourceLocations = '{}', propertySourceProperties = '{}', contextCustomizers = set[[empty]], contextLoader = 'org.springframework.test.context.support.DelegatingSmartContextLoader', parent = [null]], attributes = map['org.springframework.test.context.event.ApplicationEventsTestExecutionListener.recordApplicationEvents' -> false]]
]]></system-out>
  </testcase>
  <testcase name="상품주문" classname="jpabook.jpashop.service.OrderServiceTest" time="0.009">
    <system-out><![CDATA[09:44:30 [main] INFO  o.s.t.c.t.TransactionContext - Began transaction (1) for test context [DefaultTestContext@4392362c testClass = OrderServiceTest, testInstance = jpabook.jpashop.service.OrderServiceTest@25216999, testMethod = 상품주문@OrderServiceTest, testException = [null], mergedContextConfiguration = [MergedContextConfiguration@839755f testClass = OrderServiceTest, locations = '{classpath:appConfig.xml}', classes = '{}', contextInitializerClasses = '[]', activeProfiles = '{}', propertySourceLocations = '{}', propertySourceProperties = '{}', contextCustomizers = set[[empty]], contextLoader = 'org.springframework.test.context.support.DelegatingSmartContextLoader', parent = [null]], attributes = map['org.springframework.test.context.event.ApplicationEventsTestExecutionListener.recordApplicationEvents' -> false]]; transaction manager [org.springframework.orm.jpa.JpaTransactionManager@30d15e4a]; rollback [true]
Hibernate: 
    call next value for hibernate_sequence
Hibernate: 
    call next value for hibernate_sequence
Hibernate: 
    call next value for hibernate_sequence
Hibernate: 
    call next value for hibernate_sequence
Hibernate: 
    call next value for hibernate_sequence
09:44:30 [main] INFO  o.s.t.c.t.TransactionContext - Rolled back transaction for test: [DefaultTestContext@4392362c testClass = OrderServiceTest, testInstance = jpabook.jpashop.service.OrderServiceTest@25216999, testMethod = 상품주문@OrderServiceTest, testException = [null], mergedContextConfiguration = [MergedContextConfiguration@839755f testClass = OrderServiceTest, locations = '{classpath:appConfig.xml}', classes = '{}', contextInitializerClasses = '[]', activeProfiles = '{}', propertySourceLocations = '{}', propertySourceProperties = '{}', contextCustomizers = set[[empty]], contextLoader = 'org.springframework.test.context.support.DelegatingSmartContextLoader', parent = [null]], attributes = map['org.springframework.test.context.event.ApplicationEventsTestExecutionListener.recordApplicationEvents' -> false]]
]]></system-out>
  </testcase>
  <testcase name="주문취소" classname="jpabook.jpashop.service.OrderServiceTest" time="0.01">
    <system-out><![CDATA[09:44:30 [main] INFO  o.s.t.c.t.TransactionContext - Began transaction (1) for test context [DefaultTestContext@4392362c testClass = OrderServiceTest, testInstance = jpabook.jpashop.service.OrderServiceTest@3f45dfec, testMethod = 주문취소@OrderServiceTest, testException = [null], mergedContextConfiguration = [MergedContextConfiguration@839755f testClass = OrderServiceTest, locations = '{classpath:appConfig.xml}', classes = '{}', contextInitializerClasses = '[]', activeProfiles = '{}', propertySourceLocations = '{}', propertySourceProperties = '{}', contextCustomizers = set[[empty]], contextLoader = 'org.springframework.test.context.support.DelegatingSmartContextLoader', parent = [null]], attributes = map['org.springframework.test.context.event.ApplicationEventsTestExecutionListener.recordApplicationEvents' -> false]]; transaction manager [org.springframework.orm.jpa.JpaTransactionManager@30d15e4a]; rollback [true]
Hibernate: 
    call next value for hibernate_sequence
Hibernate: 
    call next value for hibernate_sequence
Hibernate: 
    call next value for hibernate_sequence
Hibernate: 
    call next value for hibernate_sequence
Hibernate: 
    call next value for hibernate_sequence
09:44:30 [main] INFO  o.s.t.c.t.TransactionContext - Rolled back transaction for test: [DefaultTestContext@4392362c testClass = OrderServiceTest, testInstance = jpabook.jpashop.service.OrderServiceTest@3f45dfec, testMethod = 주문취소@OrderServiceTest, testException = [null], mergedContextConfiguration = [MergedContextConfiguration@839755f testClass = OrderServiceTest, locations = '{classpath:appConfig.xml}', classes = '{}', contextInitializerClasses = '[]', activeProfiles = '{}', propertySourceLocations = '{}', propertySourceProperties = '{}', contextCustomizers = set[[empty]], contextLoader = 'org.springframework.test.context.support.DelegatingSmartContextLoader', parent = [null]], attributes = map['org.springframework.test.context.event.ApplicationEventsTestExecutionListener.recordApplicationEvents' -> false]]
]]></system-out>
  </testcase>
</testsuite>