<?xml version="1.0" encoding="UTF-8"?>
<testsuite xmlns:xsi="http://www.w3.org/2001/XMLSchema-instance" xsi:noNamespaceSchemaLocation="https://maven.apache.org/surefire/maven-surefire-plugin/xsd/surefire-test-report-3.0.xsd" version="3.0" name="jpabook.jpashop.service.MemberServiceTest" time="2.115" tests="2" errors="0" skipped="0" failures="0">
  <properties>
[...]
</properties>
  <testcase name="중복_회원_예외" classname="jpabook.jpashop.service.MemberServiceTest" time="0.044">
    <system-out><![CDATA[17:27:02 [main] INFO  o.s.t.c.s.DefaultTestContextBootstrapper - Loaded default TestExecutionListener class names from location [META-INF/spring.factories]: [org.springframework.test.context.web.ServletTestExecutionListener, org.springframework.test.context.support.DirtiesContextBeforeModesTestExecutionListener, org.springframework.test.context.event.ApplicationEventsTestExecutionListener, org.springframework.test.context.support.DependencyInjectionTestExecutionListener, org.springframework.test.context.support.DirtiesContextTestExecutionListener, org.springframework.test.context.transaction.TransactionalTestExecutionListener, org.springframework.test.context.jdbc.SqlScriptsTestExecutionListener, org.springframework.test.context.event.EventPublishingTestExecutionListener]
17:27:02 [main] INFO  o.s.t.c.s.DefaultTestContextBootstrapper - Using TestExecutionListeners: [org.springframework.test.context.web.ServletTestExecutionListener@35399441, org.springframework.test.context.support.DirtiesContextBeforeModesTestExecutionListener@4b7dc788, org.springframework.test.context.event.ApplicationEventsTestExecutionListener@6304101a, org.springframework.test.context.support.DependencyInjectionTestExecutionListener@5170bcf4, org.springframework.test.context.support.DirtiesContextTestExecutionListener@2812b107, org.springframework.test.context.transaction.TransactionalTestExecutionListener@df6620a, org.springframework.test.context.jdbc.SqlScriptsTestExecutionListener@4e31276e, org.springframework.test.context.event.EventPublishingTestExecutionListener@1a72a540]
17:27:03 [main] INFO  o.h.jpa.internal.util.LogHelper - HHH000204: Processing PersistenceUnitInfo [name: default]
17:27:03 [main] INFO  org.hibernate.Version - HHH000412: Hibernate ORM core version 5.6.15.Final
17:27:03 [main] INFO  o.h.annotations.common.Version - HCANN000001: Hibernate Commons Annotations {5.1.2.Final}
17:27:03 [main] INFO  org.hibernate.dialect.Dialect - HHH000400: Using dialect: org.hibernate.dialect.H2Dialect
Hibernate: 
    
    drop table if exists Category CASCADE 
Hibernate: 
    
    drop table if exists CATEGORY_ITEM CASCADE 
Hibernate: 
    
    drop table if exists Delivery CASCADE 
Hibernate: 
    
    drop table if exists Item CASCADE 
Hibernate: 
    
    drop table if exists Member CASCADE 
Hibernate: 
    
    drop table if exists ORDER_ITEM CASCADE 
Hibernate: 
    
    drop table if exists ORDERS CASCADE 
Hibernate: 
    
    drop sequence if exists hibernate_sequence
Hibernate: create sequence hibernate_sequence start with 1 increment by 1
Hibernate: 
    
    create table Category (
       CATEGORY_ID bigint not null,
        name varchar(255),
        PARENT_ID bigint,
        primary key (CATEGORY_ID)
    )
Hibernate: 
    
    create table CATEGORY_ITEM (
       CATEGORY_ID bigint not null,
        ITEM_ID bigint not null
    )
Hibernate: 
    
    create table Delivery (
       DELIVERY_ID bigint not null,
        city varchar(255),
        street varchar(255),
        zipcode varchar(255),
        status varchar(255),
        primary key (DELIVERY_ID)
    )
Hibernate: 
    
    create table Item (
       DTYPE varchar(31) not null,
        ITEM_ID bigint not null,
        name varchar(255),
        price integer not null,
        stockQuantity integer not null,
        artist varchar(255),
        etc varchar(255),
        author varchar(255),
        isbn varchar(255),
        actor varchar(255),
        director varchar(255),
        primary key (ITEM_ID)
    )
Hibernate: 
    
    create table Member (
       MEMBER_ID bigint not null,
        city varchar(255),
        street varchar(255),
        zipcode varchar(255),
        name varchar(255),
        primary key (MEMBER_ID)
    )
Hibernate: 
    
    create table ORDER_ITEM (
       ORDER_ITEM_ID bigint not null,
        count integer not null,
        orderPrice integer not null,
        ITEM_ID bigint,
        ORDER_ID bigint,
        primary key (ORDER_ITEM_ID)
    )
Hibernate: 
    
    create table ORDERS (
       ORDER_ID bigint not null,
        orderDate timestamp,
        status varchar(255),
        DELIVERY_ID bigint,
        MEMBER_ID bigint,
        primary key (ORDER_ID)
    )
Hibernate: 
    
    alter table Category 
       add constraint FK8tepc1qkmluodspg6tnliwhit 
       foreign key (PARENT_ID) 
       references Category
Hibernate: 
    
    alter table CATEGORY_ITEM 
       add constraint FKf1uerpnmn49vl1spbbplgxaun 
       foreign key (ITEM_ID) 
       references Item
Hibernate: 
    
    alter table CATEGORY_ITEM 
       add constraint FKjip0or3vemixccl6vx0kluj03 
       foreign key (CATEGORY_ID) 
       references Category
Hibernate: 
    
    alter table ORDER_ITEM 
       add constraint FK8aehvvv5trvjkypeemokj8674 
       foreign key (ITEM_ID) 
       references Item
Hibernate: 
    
    alter table ORDER_ITEM 
       add constraint FKn3ojvpgwyoherqkqy7ls4q46w 
       foreign key (ORDER_ID) 
       references ORDERS
Hibernate: 
    
    alter table ORDERS 
       add constraint FKdbs21f1yi0coxy9y0kxw4g9jf 
       foreign key (DELIVERY_ID) 
       references Delivery
Hibernate: 
    
    alter table ORDERS 
       add constraint FKh0db7kqr88ed8hqtcqw3jkcia 
       foreign key (MEMBER_ID) 
       references Member
17:27:04 [main] INFO  o.h.e.t.j.p.i.JtaPlatformInitiator - HHH000490: Using JtaPlatform implementation: [org.hibernate.engine.transaction.jta.platform.internal.NoJtaPlatform]
17:27:04 [main] INFO  o.s.o.j.LocalContainerEntityManagerFactoryBean - Initialized JPA EntityManagerFactory for persistence unit 'default'
Hibernate: 
    /* select
        m 
    from
        Member m 
    where
        m.name = :name */ select
            member0_.MEMBER_ID as member_i1_4_,
            member0_.city as city2_4_,
            member0_.street as street3_4_,
            member0_.zipcode as zipcode4_4_,
            member0_.name as name5_4_ 
        from
            Member member0_ 
        where
            member0_.name=?
Hibernate: 
    call next value for hibernate_sequence
Hibernate: 
    /* insert jpabook.jpashop.domain.Member
        */ insert 
        into
            Member
            (city, street, zipcode, name, MEMBER_ID) 
        values
            (?, ?, ?, ?, ?)
Hibernate: 
    call next value for hibernate_sequence
Hibernate: 
    /* insert jpabook.jpashop.domain.item.Book
        */ insert 
        into
            Item
            (name, price, stockQuantity, author, isbn, DTYPE, ITEM_ID) 
        values
            (?, ?, ?, ?, ?, 'B', ?)
Hibernate: 
    call next value for hibernate_sequence
Hibernate: 
    /* insert jpabook.jpashop.domain.item.Book
        */ insert 
        into
            Item
            (name, price, stockQuantity, author, isbn, DTYPE, ITEM_ID) 
        values
            (?, ?, ?, ?, ?, 'B', ?)
Hibernate: 
    select
        member0_.MEMBER_ID as member_i1_4_0_,
        member0_.city as city2_4_0_,
        member0_.street as street3_4_0_,
        member0_.zipcode as zipcode4_4_0_,
        member0_.name as name5_4_0_ 
    from
        Member member0_ 
    where
        member0_.MEMBER_ID=?
Hibernate: 
    select
        item0_.ITEM_ID as item_id2_3_0_,
        item0_.name as name3_3_0_,
        item0_.price as price4_3_0_,
        item0_.stockQuantity as stockqua5_3_0_,
        item0_.artist as artist6_3_0_,
        item0_.etc as etc7_3_0_,
        item0_.author as author8_3_0_,
        item0_.isbn as isbn9_3_0_,
        item0_.actor as actor10_3_0_,
        item0_.director as directo11_3_0_,
        item0_.DTYPE as dtype1_3_0_ 
    from
        Item item0_ 
    where
        item0_.ITEM_ID=?
Hibernate: 
    call next value for hibernate_sequence
Hibernate: 
    call next value for hibernate_sequence
Hibernate: 
    call next value for hibernate_sequence
Hibernate: 
    /* insert jpabook.jpashop.domain.Delivery
        */ insert 
        into
            Delivery
            (city, street, zipcode, status, DELIVERY_ID) 
        values
            (?, ?, ?, ?, ?)
Hibernate: 
    /* insert jpabook.jpashop.domain.Order
        */ insert 
        into
            ORDERS
            (DELIVERY_ID, MEMBER_ID, orderDate, status, ORDER_ID) 
        values
            (?, ?, ?, ?, ?)
Hibernate: 
    /* insert jpabook.jpashop.domain.OrderItem
        */ insert 
        into
            ORDER_ITEM
            (count, ITEM_ID, ORDER_ID, orderPrice, ORDER_ITEM_ID) 
        values
            (?, ?, ?, ?, ?)
Hibernate: 
    /* update
        jpabook.jpashop.domain.item.Book */ update
            Item 
        set
            name=?,
            price=?,
            stockQuantity=?,
            author=?,
            isbn=? 
        where
            ITEM_ID=?
17:27:04 [main] INFO  o.s.t.c.t.TransactionContext - Began transaction (1) for test context [DefaultTestContext@8549c5f testClass = MemberServiceTest, testInstance = jpabook.jpashop.service.MemberServiceTest@35454c7a, testMethod = 중복_회원_예외@MemberServiceTest, testException = [null], mergedContextConfiguration = [MergedContextConfiguration@50f3ba6a testClass = MemberServiceTest, locations = '{classpath:appConfig.xml}', classes = '{}', contextInitializerClasses = '[]', activeProfiles = '{}', propertySourceLocations = '{}', propertySourceProperties = '{}', contextCustomizers = set[[empty]], contextLoader = 'org.springframework.test.context.support.DelegatingSmartContextLoader', parent = [null]], attributes = map['org.springframework.test.context.event.ApplicationEventsTestExecutionListener.recordApplicationEvents' -> false]]; transaction manager [org.springframework.orm.jpa.JpaTransactionManager@30d15e4a]; rollback [true]
Hibernate: 
    /* select
        m 
    from
        Member m 
    where
        m.name = :name */ select
            member0_.MEMBER_ID as member_i1_4_,
            member0_.city as city2_4_,
            member0_.street as street3_4_,
            member0_.zipcode as zipcode4_4_,
            member0_.name as name5_4_ 
        from
            Member member0_ 
        where
            member0_.name=?
Hibernate: 
    call next value for hibernate_sequence
Hibernate: 
    /* insert jpabook.jpashop.domain.Member
        */ insert 
        into
            Member
            (city, street, zipcode, name, MEMBER_ID) 
        values
            (?, ?, ?, ?, ?)
Hibernate: 
    /* select
        m 
    from
        Member m 
    where
        m.name = :name */ select
            member0_.MEMBER_ID as member_i1_4_,
            member0_.city as city2_4_,
            member0_.street as street3_4_,
            member0_.zipcode as zipcode4_4_,
            member0_.name as name5_4_ 
        from
            Member member0_ 
        where
            member0_.name=?
17:27:04 [main] INFO  o.s.t.c.t.TransactionContext - Rolled back transaction for test: [DefaultTestContext@8549c5f testClass = MemberServiceTest, testInstance = jpabook.jpashop.service.MemberServiceTest@35454c7a, testMethod = 중복_회원_예외@MemberServiceTest, testException = [null], mergedContextConfiguration = [MergedContextConfiguration@50f3ba6a testClass = MemberServiceTest, locations = '{classpath:appConfig.xml}', classes = '{}', contextInitializerClasses = '[]', activeProfiles = '{}', propertySourceLocations = '{}', propertySourceProperties = '{}', contextCustomizers = set[[empty]], contextLoader = 'org.springframework.test.context.support.DelegatingSmartContextLoader', parent = [null]], attributes = map['org.springframework.test.context.event.ApplicationEventsTestExecutionListener.recordApplicationEvents' -> false]]
]]></system-out>
  </testcase>
  <testcase name="회원가입" classname="jpabook.jpashop.service.MemberServiceTest" time="0.007">
    <system-out><![CDATA[17:27:04 [main] INFO  o.s.t.c.t.TransactionContext - Began transaction (1) for test context [DefaultTestContext@8549c5f testClass = MemberServiceTest, testInstance = jpabook.jpashop.service.MemberServiceTest@78f5cbc5, testMethod = 회원가입@MemberServiceTest, testException = [null], mergedContextConfiguration = [MergedContextConfiguration@50f3ba6a testClass = MemberServiceTest, locations = '{classpath:appConfig.xml}', classes = '{}', contextInitializerClasses = '[]', activeProfiles = '{}', propertySourceLocations = '{}', propertySourceProperties = '{}', contextCustomizers = set[[empty]], contextLoader = 'org.springframework.test.context.support.DelegatingSmartContextLoader', parent = [null]], attributes = map['org.springframework.test.context.event.ApplicationEventsTestExecutionListener.recordApplicationEvents' -> false]]; transaction manager [org.springframework.orm.jpa.JpaTransactionManager@30d15e4a]; rollback [true]
Hibernate: 
    /* select
        m 
    from
        Member m 
    where
        m.name = :name */ select
            member0_.MEMBER_ID as member_i1_4_,
            member0_.city as city2_4_,
            member0_.street as street3_4_,
            member0_.zipcode as zipcode4_4_,
            member0_.name as name5_4_ 
        from
            Member member0_ 
        where
            member0_.name=?
Hibernate: 
    call next value for hibernate_sequence
17:27:04 [main] INFO  o.s.t.c.t.TransactionContext - Rolled back transaction for test: [DefaultTestContext@8549c5f testClass = MemberServiceTest, testInstance = jpabook.jpashop.service.MemberServiceTest@78f5cbc5, testMethod = 회원가입@MemberServiceTest, testException = [null], mergedContextConfiguration = [MergedContextConfiguration@50f3ba6a testClass = MemberServiceTest, locations = '{classpath:appConfig.xml}', classes = '{}', contextInitializerClasses = '[]', activeProfiles = '{}', propertySourceLocations = '{}', propertySourceProperties = '{}', contextCustomizers = set[[empty]], contextLoader = 'org.springframework.test.context.support.DelegatingSmartContextLoader', parent = [null]], attributes = map['org.springframework.test.context.event.ApplicationEventsTestExecutionListener.recordApplicationEvents' -> false]]
]]></system-out>
  </testcase>
</testsuite>